[18:02:50] [main/INFO]: Loading Minecraft 1.20.1 with Fabric Loader 0.15.7
[18:02:50] [main/INFO]: Loading 110 mods:
	- ad_astra 1.15.5
	- argonauts 1.0.8
	   \-- placeholder-api 2.1.1+1.20
	- beautify 1.1.0+1.20
	- betterchunkloading 1.20.1-3.3
	- botarium 2.3.3
	   \-- team_reborn_energy 3.0.0
	- cadmus 1.0.7
	   \-- common-protection-api 1.0.0
	- cloth-config 11.1.118
	   \-- cloth-basic-math 0.6.1
	- clumps 12.0.0.3
	- cupboard 1.20.1-2.6
	- fabric-api 0.92.0+1.20.1
	   |-- fabric-api-base 0.4.31+1802ada577
	   |-- fabric-api-lookup-api-v1 1.6.36+1802ada577
	   |-- fabric-biome-api-v1 13.0.13+1802ada577
	   |-- fabric-block-api-v1 1.0.11+1802ada577
	   |-- fabric-block-view-api-v2 1.0.1+1802ada577
	   |-- fabric-blockrenderlayer-v1 1.1.41+1802ada577
	   |-- fabric-client-tags-api-v1 1.1.2+1802ada577
	   |-- fabric-command-api-v1 1.2.34+f71b366f77
	   |-- fabric-command-api-v2 2.2.13+1802ada577
	   |-- fabric-commands-v0 0.2.51+df3654b377
	   |-- fabric-containers-v0 0.1.64+df3654b377
	   |-- fabric-content-registries-v0 4.0.11+1802ada577
	   |-- fabric-convention-tags-v1 1.5.5+1802ada577
	   |-- fabric-crash-report-info-v1 0.2.19+1802ada577
	   |-- fabric-data-attachment-api-v1 1.0.0+de0fd6d177
	   |-- fabric-data-generation-api-v1 12.3.4+1802ada577
	   |-- fabric-dimensions-v1 2.1.54+1802ada577
	   |-- fabric-entity-events-v1 1.6.0+1c78457f77
	   |-- fabric-events-interaction-v0 0.6.2+1802ada577
	   |-- fabric-events-lifecycle-v0 0.2.63+df3654b377
	   |-- fabric-game-rule-api-v1 1.0.40+1802ada577
	   |-- fabric-item-api-v1 2.1.28+1802ada577
	   |-- fabric-item-group-api-v1 4.0.12+1802ada577
	   |-- fabric-key-binding-api-v1 1.0.37+1802ada577
	   |-- fabric-keybindings-v0 0.2.35+df3654b377
	   |-- fabric-lifecycle-events-v1 2.2.22+1802ada577
	   |-- fabric-loot-api-v2 1.2.1+1802ada577
	   |-- fabric-loot-tables-v1 1.1.45+9e7660c677
	   |-- fabric-message-api-v1 5.1.9+1802ada577
	   |-- fabric-mining-level-api-v1 2.1.50+1802ada577
	   |-- fabric-model-loading-api-v1 1.0.3+1802ada577
	   |-- fabric-models-v0 0.4.2+9386d8a777
	   |-- fabric-networking-api-v1 1.3.11+1802ada577
	   |-- fabric-networking-v0 0.3.51+df3654b377
	   |-- fabric-object-builder-api-v1 11.1.3+1802ada577
	   |-- fabric-particles-v1 1.1.2+1802ada577
	   |-- fabric-recipe-api-v1 1.0.21+1802ada577
	   |-- fabric-registry-sync-v0 2.3.3+1802ada577
	   |-- fabric-renderer-api-v1 3.2.1+1802ada577
	   |-- fabric-renderer-indigo 1.5.1+1802ada577
	   |-- fabric-renderer-registries-v1 3.2.46+df3654b377
	   |-- fabric-rendering-data-attachment-v1 0.3.37+92a0d36777
	   |-- fabric-rendering-fluids-v1 3.0.28+1802ada577
	   |-- fabric-rendering-v0 1.1.49+df3654b377
	   |-- fabric-rendering-v1 3.0.8+1802ada577
	   |-- fabric-resource-conditions-api-v1 2.3.8+1802ada577
	   |-- fabric-resource-loader-v0 0.11.10+1802ada577
	   |-- fabric-screen-api-v1 2.0.8+1802ada577
	   |-- fabric-screen-handler-api-v1 1.3.30+1802ada577
	   |-- fabric-sound-api-v1 1.0.13+1802ada577
	   |-- fabric-transfer-api-v1 3.3.4+1802ada577
	   \-- fabric-transitive-access-wideners-v1 4.3.1+1802ada577
	- fabric-language-kotlin 1.10.17+kotlin.1.9.22
	   |-- org_jetbrains_kotlin_kotlin-reflect 1.9.22
	   |-- org_jetbrains_kotlin_kotlin-stdlib 1.9.22
	   |-- org_jetbrains_kotlin_kotlin-stdlib-jdk7 1.9.22
	   |-- org_jetbrains_kotlin_kotlin-stdlib-jdk8 1.9.22
	   |-- org_jetbrains_kotlinx_atomicfu-jvm 0.23.1
	   |-- org_jetbrains_kotlinx_kotlinx-coroutines-core-jvm 1.7.3
	   |-- org_jetbrains_kotlinx_kotlinx-coroutines-jdk8 1.7.3
	   |-- org_jetbrains_kotlinx_kotlinx-datetime-jvm 0.5.0
	   |-- org_jetbrains_kotlinx_kotlinx-serialization-cbor-jvm 1.6.2
	   |-- org_jetbrains_kotlinx_kotlinx-serialization-core-jvm 1.6.2
	   \-- org_jetbrains_kotlinx_kotlinx-serialization-json-jvm 1.6.2
	- fabricloader 0.15.7
	   \-- mixinextras 0.3.5
	- fallingtree 4.3.4
	- handcrafted 3.0.6
	- inventorysorter 1.9.0-1.20
	   \-- kyrptconfig 1.5.6-1.20
	- jade 11.8.0
	- jamlib 0.6.1+1.20.x
	- java 21
	- jei 15.3.0.4
	- journeymap 5.9.21
	   \-- journeymap-api-fabric 1.20-1.9-fabric-SNAPSHOT
	- krypton 0.2.3
	   \-- com_velocitypowered_velocity-native 3.2.0-SNAPSHOT
	- lazydfu 0.1.3
	- letmedespawn 1.2.0
	- lithium 0.11.2
	- logcleaner 1.0.0
	- memoryleakfix 1.1.2
	- minecraft 1.20.1
	- packedup 1.0.30
	- patchouli 1.20.1-84-FABRIC
	   \-- fiber 0.23.0-2
	- resourcefulconfig 2.1.2
	- resourcefullib 2.1.23
	   |-- com_teamresourceful_bytecodecs 1.0.2
	   \-- com_teamresourceful_yabn 1.0.3
	- rightclickharvest 3.2.3+1.19.x-1.20.1-fabric
	- spark 1.10.53
	   \-- fabric-permissions-api-v0 0.1-SNAPSHOT
	- supermartijn642configlib 1.1.8+a
	- supermartijn642corelib 1.1.17
	- testmod 0.1-1.20.1
	- trinkets 3.7.2
	   |-- cardinal-components-base 5.2.0
	   \-- cardinal-components-entity 5.2.0
	- yet_another_config_lib_v3 3.2.1+1.20
	   |-- com_twelvemonkeys_common_common-image 3.10.0-SNAPSHOT
	   |-- com_twelvemonkeys_common_common-io 3.10.0-SNAPSHOT
	   |-- com_twelvemonkeys_common_common-lang 3.10.0-SNAPSHOT
	   |-- com_twelvemonkeys_imageio_imageio-core 3.10.0-SNAPSHOT
	   |-- com_twelvemonkeys_imageio_imageio-metadata 3.10.0-SNAPSHOT
	   |-- com_twelvemonkeys_imageio_imageio-webp 3.10.0-SNAPSHOT
	   |-- org_quiltmc_parsers_gson 0.2.1
	   \-- org_quiltmc_parsers_json 0.2.1
[18:02:50] [main/INFO]: SpongePowered MIXIN Subsystem Version=0.8.5 Source=file:/workspaces/polakytah-server/libraries/net/fabricmc/sponge-mixin/0.12.5+mixin.0.8.5/sponge-mixin-0.12.5+mixin.0.8.5.jar Service=Knot/Fabric Env=SERVER
[18:02:51] [main/INFO]: Compatibility level set to JAVA_17
[18:02:51] [main/INFO]: Loaded configuration file for Lithium: 115 options available, 1 override(s) found
[18:02:51] [main/WARN]: Reference map 'supermartijn642configlib.mixins.refmap.json' for supermartijn642configlib.mixins.json could not be read. If this is a development environment you can ignore this message
[18:02:51] [main/ERROR]: Could not read config betterchunkloading.json from:config/betterchunkloading.json
java.lang.NullPointerException: Cannot invoke "com.google.gson.JsonElement.getAsJsonObject()" because the return value of "com.google.gson.JsonObject.get(String)" is null
	at com.betterchunkloading.config.CommonConfiguration.deserialize(CommonConfiguration.java:78) ~[betterchunkloading-fabric-1.20.1-3.3.jar:?]
	at com.cupboard.config.CupboardConfig.load(CupboardConfig.java:159) ~[cupboard-fabric-1.20.1-2.6.jar:?]
	at com.cupboard.config.CupboardConfig.load(CupboardConfig.java:135) ~[cupboard-fabric-1.20.1-2.6.jar:?]
	at com.cupboard.config.CupboardConfig.getCommonConfig(CupboardConfig.java:216) ~[cupboard-fabric-1.20.1-2.6.jar:?]
	at com.betterchunkloading.mixin.MixinConfig.shouldApplyMixin(MixinConfig.java:28) ~[betterchunkloading-fabric-1.20.1-3.3.jar:?]
	at org.spongepowered.asm.mixin.transformer.PluginHandle.shouldApplyMixin(PluginHandle.java:132) ~[sponge-mixin-0.12.5+mixin.0.8.5.jar:0.12.5+mixin.0.8.5]
	at org.spongepowered.asm.mixin.transformer.MixinInfo.shouldApplyMixin(MixinInfo.java:988) ~[sponge-mixin-0.12.5+mixin.0.8.5.jar:0.12.5+mixin.0.8.5]
	at org.spongepowered.asm.mixin.transformer.MixinInfo.readDeclaredTargets(MixinInfo.java:953) ~[sponge-mixin-0.12.5+mixin.0.8.5.jar:0.12.5+mixin.0.8.5]
	at org.spongepowered.asm.mixin.transformer.MixinInfo.<init>(MixinInfo.java:882) ~[sponge-mixin-0.12.5+mixin.0.8.5.jar:0.12.5+mixin.0.8.5]
	at org.spongepowered.asm.mixin.transformer.MixinConfig.prepareMixins(MixinConfig.java:852) ~[sponge-mixin-0.12.5+mixin.0.8.5.jar:0.12.5+mixin.0.8.5]
	at org.spongepowered.asm.mixin.transformer.MixinConfig.prepare(MixinConfig.java:777) ~[sponge-mixin-0.12.5+mixin.0.8.5.jar:0.12.5+mixin.0.8.5]
	at org.spongepowered.asm.mixin.transformer.MixinProcessor.prepareConfigs(MixinProcessor.java:540) ~[sponge-mixin-0.12.5+mixin.0.8.5.jar:0.12.5+mixin.0.8.5]
	at org.spongepowered.asm.mixin.transformer.MixinProcessor.select(MixinProcessor.java:462) ~[sponge-mixin-0.12.5+mixin.0.8.5.jar:0.12.5+mixin.0.8.5]
	at org.spongepowered.asm.mixin.transformer.MixinProcessor.checkSelect(MixinProcessor.java:438) ~[sponge-mixin-0.12.5+mixin.0.8.5.jar:0.12.5+mixin.0.8.5]
	at org.spongepowered.asm.mixin.transformer.MixinProcessor.applyMixins(MixinProcessor.java:290) ~[sponge-mixin-0.12.5+mixin.0.8.5.jar:0.12.5+mixin.0.8.5]
	at org.spongepowered.asm.mixin.transformer.MixinTransformer.transformClass(MixinTransformer.java:234) ~[sponge-mixin-0.12.5+mixin.0.8.5.jar:0.12.5+mixin.0.8.5]
	at org.spongepowered.asm.mixin.transformer.MixinTransformer.transformClassBytes(MixinTransformer.java:202) ~[sponge-mixin-0.12.5+mixin.0.8.5.jar:0.12.5+mixin.0.8.5]
	at net.fabricmc.loader.impl.launch.knot.KnotClassDelegate.getPostMixinClassByteArray(KnotClassDelegate.java:422) ~[fabric-loader-0.15.7.jar:?]
	at net.fabricmc.loader.impl.launch.knot.KnotClassDelegate.tryLoadClass(KnotClassDelegate.java:323) ~[fabric-loader-0.15.7.jar:?]
	at net.fabricmc.loader.impl.launch.knot.KnotClassDelegate.loadClass(KnotClassDelegate.java:218) ~[fabric-loader-0.15.7.jar:?]
	at net.fabricmc.loader.impl.launch.knot.KnotClassLoader.loadClass(KnotClassLoader.java:119) ~[fabric-loader-0.15.7.jar:?]
	at java.lang.ClassLoader.loadClass(ClassLoader.java:526) ~[?:?]
	at java.lang.Class.forName0(Native Method) ~[?:?]
	at java.lang.Class.forName(Class.java:534) ~[?:?]
	at java.lang.Class.forName(Class.java:513) ~[?:?]
	at net.fabricmc.loader.impl.util.DefaultLanguageAdapter.create(DefaultLanguageAdapter.java:50) ~[fabric-loader-0.15.7.jar:?]
	at net.fabricmc.loader.impl.entrypoint.EntrypointStorage$NewEntry.getOrCreate(EntrypointStorage.java:117) ~[fabric-loader-0.15.7.jar:?]
	at net.fabricmc.loader.impl.entrypoint.EntrypointContainerImpl.getEntrypoint(EntrypointContainerImpl.java:53) ~[fabric-loader-0.15.7.jar:?]
	at net.fabricmc.loader.impl.FabricLoaderImpl.invokeEntrypoints(FabricLoaderImpl.java:384) ~[fabric-loader-0.15.7.jar:?]
	at net.fabricmc.loader.impl.launch.knot.Knot.init(Knot.java:160) ~[fabric-loader-0.15.7.jar:?]
	at net.fabricmc.loader.impl.launch.knot.Knot.launch(Knot.java:68) ~[fabric-loader-0.15.7.jar:?]
	at net.fabricmc.loader.impl.launch.knot.KnotServer.main(KnotServer.java:23) ~[fabric-loader-0.15.7.jar:?]
	at net.fabricmc.loader.impl.launch.server.FabricServerLauncher.main(FabricServerLauncher.java:69) ~[fabric-loader-0.15.7.jar:?]
	at net.fabricmc.installer.ServerLauncher.main(ServerLauncher.java:69) ~[fabric-server-mc.1.20.1-loader.0.15.7-launcher.1.0.1.jar:1.0.1]
[18:02:51] [main/ERROR]: Could not read config betterchunkloading.json from:config/betterchunkloading.json
java.lang.NullPointerException: Cannot invoke "com.google.gson.JsonElement.getAsJsonObject()" because the return value of "com.google.gson.JsonObject.get(String)" is null
	at com.betterchunkloading.config.CommonConfiguration.deserialize(CommonConfiguration.java:78) ~[betterchunkloading-fabric-1.20.1-3.3.jar:?]
	at com.cupboard.config.CupboardConfig.load(CupboardConfig.java:159) ~[cupboard-fabric-1.20.1-2.6.jar:?]
	at com.cupboard.config.CupboardConfig.load(CupboardConfig.java:135) ~[cupboard-fabric-1.20.1-2.6.jar:?]
	at com.cupboard.config.CupboardConfig.load(CupboardConfig.java:196) ~[cupboard-fabric-1.20.1-2.6.jar:?]
	at com.cupboard.config.CupboardConfig.load(CupboardConfig.java:135) ~[cupboard-fabric-1.20.1-2.6.jar:?]
	at com.cupboard.config.CupboardConfig.getCommonConfig(CupboardConfig.java:216) ~[cupboard-fabric-1.20.1-2.6.jar:?]
	at com.betterchunkloading.mixin.MixinConfig.shouldApplyMixin(MixinConfig.java:28) ~[betterchunkloading-fabric-1.20.1-3.3.jar:?]
	at org.spongepowered.asm.mixin.transformer.PluginHandle.shouldApplyMixin(PluginHandle.java:132) ~[sponge-mixin-0.12.5+mixin.0.8.5.jar:0.12.5+mixin.0.8.5]
	at org.spongepowered.asm.mixin.transformer.MixinInfo.shouldApplyMixin(MixinInfo.java:988) ~[sponge-mixin-0.12.5+mixin.0.8.5.jar:0.12.5+mixin.0.8.5]
	at org.spongepowered.asm.mixin.transformer.MixinInfo.readDeclaredTargets(MixinInfo.java:953) ~[sponge-mixin-0.12.5+mixin.0.8.5.jar:0.12.5+mixin.0.8.5]
	at org.spongepowered.asm.mixin.transformer.MixinInfo.<init>(MixinInfo.java:882) ~[sponge-mixin-0.12.5+mixin.0.8.5.jar:0.12.5+mixin.0.8.5]
	at org.spongepowered.asm.mixin.transformer.MixinConfig.prepareMixins(MixinConfig.java:852) ~[sponge-mixin-0.12.5+mixin.0.8.5.jar:0.12.5+mixin.0.8.5]
	at org.spongepowered.asm.mixin.transformer.MixinConfig.prepare(MixinConfig.java:777) ~[sponge-mixin-0.12.5+mixin.0.8.5.jar:0.12.5+mixin.0.8.5]
	at org.spongepowered.asm.mixin.transformer.MixinProcessor.prepareConfigs(MixinProcessor.java:540) ~[sponge-mixin-0.12.5+mixin.0.8.5.jar:0.12.5+mixin.0.8.5]
	at org.spongepowered.asm.mixin.transformer.MixinProcessor.select(MixinProcessor.java:462) ~[sponge-mixin-0.12.5+mixin.0.8.5.jar:0.12.5+mixin.0.8.5]
	at org.spongepowered.asm.mixin.transformer.MixinProcessor.checkSelect(MixinProcessor.java:438) ~[sponge-mixin-0.12.5+mixin.0.8.5.jar:0.12.5+mixin.0.8.5]
	at org.spongepowered.asm.mixin.transformer.MixinProcessor.applyMixins(MixinProcessor.java:290) ~[sponge-mixin-0.12.5+mixin.0.8.5.jar:0.12.5+mixin.0.8.5]
	at org.spongepowered.asm.mixin.transformer.MixinTransformer.transformClass(MixinTransformer.java:234) ~[sponge-mixin-0.12.5+mixin.0.8.5.jar:0.12.5+mixin.0.8.5]
	at org.spongepowered.asm.mixin.transformer.MixinTransformer.transformClassBytes(MixinTransformer.java:202) ~[sponge-mixin-0.12.5+mixin.0.8.5.jar:0.12.5+mixin.0.8.5]
	at net.fabricmc.loader.impl.launch.knot.KnotClassDelegate.getPostMixinClassByteArray(KnotClassDelegate.java:422) ~[fabric-loader-0.15.7.jar:?]
	at net.fabricmc.loader.impl.launch.knot.KnotClassDelegate.tryLoadClass(KnotClassDelegate.java:323) ~[fabric-loader-0.15.7.jar:?]
	at net.fabricmc.loader.impl.launch.knot.KnotClassDelegate.loadClass(KnotClassDelegate.java:218) ~[fabric-loader-0.15.7.jar:?]
	at net.fabricmc.loader.impl.launch.knot.KnotClassLoader.loadClass(KnotClassLoader.java:119) ~[fabric-loader-0.15.7.jar:?]
	at java.lang.ClassLoader.loadClass(ClassLoader.java:526) ~[?:?]
	at java.lang.Class.forName0(Native Method) ~[?:?]
	at java.lang.Class.forName(Class.java:534) ~[?:?]
	at java.lang.Class.forName(Class.java:513) ~[?:?]
	at net.fabricmc.loader.impl.util.DefaultLanguageAdapter.create(DefaultLanguageAdapter.java:50) ~[fabric-loader-0.15.7.jar:?]
	at net.fabricmc.loader.impl.entrypoint.EntrypointStorage$NewEntry.getOrCreate(EntrypointStorage.java:117) ~[fabric-loader-0.15.7.jar:?]
	at net.fabricmc.loader.impl.entrypoint.EntrypointContainerImpl.getEntrypoint(EntrypointContainerImpl.java:53) ~[fabric-loader-0.15.7.jar:?]
	at net.fabricmc.loader.impl.FabricLoaderImpl.invokeEntrypoints(FabricLoaderImpl.java:384) ~[fabric-loader-0.15.7.jar:?]
	at net.fabricmc.loader.impl.launch.knot.Knot.init(Knot.java:160) ~[fabric-loader-0.15.7.jar:?]
	at net.fabricmc.loader.impl.launch.knot.Knot.launch(Knot.java:68) ~[fabric-loader-0.15.7.jar:?]
	at net.fabricmc.loader.impl.launch.knot.KnotServer.main(KnotServer.java:23) ~[fabric-loader-0.15.7.jar:?]
	at net.fabricmc.loader.impl.launch.server.FabricServerLauncher.main(FabricServerLauncher.java:69) ~[fabric-loader-0.15.7.jar:?]
	at net.fabricmc.installer.ServerLauncher.main(ServerLauncher.java:69) ~[fabric-server-mc.1.20.1-loader.0.15.7-launcher.1.0.1.jar:1.0.1]
[18:02:51] [main/ERROR]: Could not read config betterchunkloading.json from:config/betterchunkloading.json
java.lang.NullPointerException: Cannot invoke "com.google.gson.JsonElement.getAsJsonObject()" because the return value of "com.google.gson.JsonObject.get(String)" is null
	at com.betterchunkloading.config.CommonConfiguration.deserialize(CommonConfiguration.java:78) ~[betterchunkloading-fabric-1.20.1-3.3.jar:?]
	at com.cupboard.config.CupboardConfig.load(CupboardConfig.java:159) ~[cupboard-fabric-1.20.1-2.6.jar:?]
	at com.cupboard.config.CupboardConfig.load(CupboardConfig.java:135) ~[cupboard-fabric-1.20.1-2.6.jar:?]
	at com.cupboard.config.CupboardConfig.load(CupboardConfig.java:196) ~[cupboard-fabric-1.20.1-2.6.jar:?]
	at com.cupboard.config.CupboardConfig.load(CupboardConfig.java:135) ~[cupboard-fabric-1.20.1-2.6.jar:?]
	at com.cupboard.config.CupboardConfig.load(CupboardConfig.java:196) ~[cupboard-fabric-1.20.1-2.6.jar:?]
	at com.cupboard.config.CupboardConfig.load(CupboardConfig.java:135) ~[cupboard-fabric-1.20.1-2.6.jar:?]
	at com.cupboard.config.CupboardConfig.getCommonConfig(CupboardConfig.java:216) ~[cupboard-fabric-1.20.1-2.6.jar:?]
	at com.betterchunkloading.mixin.MixinConfig.shouldApplyMixin(MixinConfig.java:28) ~[betterchunkloading-fabric-1.20.1-3.3.jar:?]
	at org.spongepowered.asm.mixin.transformer.PluginHandle.shouldApplyMixin(PluginHandle.java:132) ~[sponge-mixin-0.12.5+mixin.0.8.5.jar:0.12.5+mixin.0.8.5]
	at org.spongepowered.asm.mixin.transformer.MixinInfo.shouldApplyMixin(MixinInfo.java:988) ~[sponge-mixin-0.12.5+mixin.0.8.5.jar:0.12.5+mixin.0.8.5]
	at org.spongepowered.asm.mixin.transformer.MixinInfo.readDeclaredTargets(MixinInfo.java:953) ~[sponge-mixin-0.12.5+mixin.0.8.5.jar:0.12.5+mixin.0.8.5]
	at org.spongepowered.asm.mixin.transformer.MixinInfo.<init>(MixinInfo.java:882) ~[sponge-mixin-0.12.5+mixin.0.8.5.jar:0.12.5+mixin.0.8.5]
	at org.spongepowered.asm.mixin.transformer.MixinConfig.prepareMixins(MixinConfig.java:852) ~[sponge-mixin-0.12.5+mixin.0.8.5.jar:0.12.5+mixin.0.8.5]
	at org.spongepowered.asm.mixin.transformer.MixinConfig.prepare(MixinConfig.java:777) ~[sponge-mixin-0.12.5+mixin.0.8.5.jar:0.12.5+mixin.0.8.5]
	at org.spongepowered.asm.mixin.transformer.MixinProcessor.prepareConfigs(MixinProcessor.java:540) ~[sponge-mixin-0.12.5+mixin.0.8.5.jar:0.12.5+mixin.0.8.5]
	at org.spongepowered.asm.mixin.transformer.MixinProcessor.select(MixinProcessor.java:462) ~[sponge-mixin-0.12.5+mixin.0.8.5.jar:0.12.5+mixin.0.8.5]
	at org.spongepowered.asm.mixin.transformer.MixinProcessor.checkSelect(MixinProcessor.java:438) ~[sponge-mixin-0.12.5+mixin.0.8.5.jar:0.12.5+mixin.0.8.5]
	at org.spongepowered.asm.mixin.transformer.MixinProcessor.applyMixins(MixinProcessor.java:290) ~[sponge-mixin-0.12.5+mixin.0.8.5.jar:0.12.5+mixin.0.8.5]
	at org.spongepowered.asm.mixin.transformer.MixinTransformer.transformClass(MixinTransformer.java:234) ~[sponge-mixin-0.12.5+mixin.0.8.5.jar:0.12.5+mixin.0.8.5]
	at org.spongepowered.asm.mixin.transformer.MixinTransformer.transformClassBytes(MixinTransformer.java:202) ~[sponge-mixin-0.12.5+mixin.0.8.5.jar:0.12.5+mixin.0.8.5]
	at net.fabricmc.loader.impl.launch.knot.KnotClassDelegate.getPostMixinClassByteArray(KnotClassDelegate.java:422) ~[fabric-loader-0.15.7.jar:?]
	at net.fabricmc.loader.impl.launch.knot.KnotClassDelegate.tryLoadClass(KnotClassDelegate.java:323) ~[fabric-loader-0.15.7.jar:?]
	at net.fabricmc.loader.impl.launch.knot.KnotClassDelegate.loadClass(KnotClassDelegate.java:218) ~[fabric-loader-0.15.7.jar:?]
	at net.fabricmc.loader.impl.launch.knot.KnotClassLoader.loadClass(KnotClassLoader.java:119) ~[fabric-loader-0.15.7.jar:?]
	at java.lang.ClassLoader.loadClass(ClassLoader.java:526) ~[?:?]
	at java.lang.Class.forName0(Native Method) ~[?:?]
	at java.lang.Class.forName(Class.java:534) ~[?:?]
	at java.lang.Class.forName(Class.java:513) ~[?:?]
	at net.fabricmc.loader.impl.util.DefaultLanguageAdapter.create(DefaultLanguageAdapter.java:50) ~[fabric-loader-0.15.7.jar:?]
	at net.fabricmc.loader.impl.entrypoint.EntrypointStorage$NewEntry.getOrCreate(EntrypointStorage.java:117) ~[fabric-loader-0.15.7.jar:?]
	at net.fabricmc.loader.impl.entrypoint.EntrypointContainerImpl.getEntrypoint(EntrypointContainerImpl.java:53) ~[fabric-loader-0.15.7.jar:?]
	at net.fabricmc.loader.impl.FabricLoaderImpl.invokeEntrypoints(FabricLoaderImpl.java:384) ~[fabric-loader-0.15.7.jar:?]
	at net.fabricmc.loader.impl.launch.knot.Knot.init(Knot.java:160) ~[fabric-loader-0.15.7.jar:?]
	at net.fabricmc.loader.impl.launch.knot.Knot.launch(Knot.java:68) ~[fabric-loader-0.15.7.jar:?]
	at net.fabricmc.loader.impl.launch.knot.KnotServer.main(KnotServer.java:23) ~[fabric-loader-0.15.7.jar:?]
	at net.fabricmc.loader.impl.launch.server.FabricServerLauncher.main(FabricServerLauncher.java:69) ~[fabric-loader-0.15.7.jar:?]
	at net.fabricmc.installer.ServerLauncher.main(ServerLauncher.java:69) ~[fabric-server-mc.1.20.1-loader.0.15.7-launcher.1.0.1.jar:1.0.1]
[18:02:52] [main/WARN]: Force-disabling mixin 'world.player_chunk_tick.ThreadedAnvilChunkStorageMixin' as rule 'mixin.world.player_chunk_tick' (added by mods [krypton]) disables it and children
[18:02:52] [main/INFO]: [MemoryLeakFix] Will be applying 1 memory leak fixes!
[18:02:52] [main/INFO]: [MemoryLeakFix] Currently enabled memory leak fixes: [biomeTemperatureLeak]
[18:02:53] [main/INFO]: Initializing MixinExtras via com.llamalad7.mixinextras.service.MixinExtrasServiceImpl(version=0.3.5).
[18:03:07] [main/INFO]: Loaded config for: cupboard.json
[18:03:07] [main/INFO]: [rightclickharvest] Initializing VersionUtils
[18:03:07] [main/INFO]: [rightclickharvest] VersionUtils initialized successfully
[18:03:10] [main/INFO]: betterchunkloading mod initialized
[18:03:14] [main/ERROR]: No data fixer registered for handcrafted
[18:03:14] [main/INFO]: [jamlib] Mod initialized!
[18:03:14] [main/INFO]: Initializing ServerSide Packet Registries
[18:03:14] [main/INFO]: Compression will use libdeflate (Linux x86_64), encryption will use OpenSSL 1.1.x (Linux x86_64)
[18:03:14] [main/INFO]: [jamlib] Registered config for rightclickharvest
[18:03:14] [main/INFO]: [rightclickharvest] Mod initialized!
[18:03:14] [main/INFO]: Registering Item Groups for testmod
[18:03:14] [main/INFO]: Registering items for testmod
[18:03:14] [main/INFO]: Registering blocks for testmod
[18:03:14] [main/INFO]: Krypton is now accelerating your Minecraft server's networking stack 🚀
[18:03:14] [main/INFO]: Environment: authHost='https://authserver.mojang.com', accountsHost='https://api.mojang.com', sessionHost='https://sessionserver.mojang.com', servicesHost='https://api.minecraftservices.com', name='PROD'
[18:03:19] [main/INFO]: Loaded 14 recipes
[18:03:19] [main/INFO]: Loaded 1635 advancements
[18:03:22] [main/INFO]: Applied 0 biome modifications to 0 of 74 new biomes in 2.440 ms
[18:03:22] [Server thread/INFO]: Starting background profiler...
[18:03:23] [Server thread/INFO]: Starting minecraft server version 1.20.1
[18:03:23] [Server thread/INFO]: Loading properties
[18:03:23] [Server thread/INFO]: Default game type: SURVIVAL
[18:03:23] [Server thread/INFO]: Generating keypair
[18:03:23] [Server thread/INFO]: Starting Minecraft server on *:25565
[18:03:23] [Server thread/INFO]: Using epoll channel type
[18:03:23] [Server thread/WARN]: **** SERVER IS RUNNING IN OFFLINE/INSECURE MODE!
[18:03:23] [Server thread/WARN]: The server will make no attempt to authenticate usernames. Beware.
[18:03:23] [Server thread/WARN]: While this makes the game possible to play without internet access, it also opens up the ability for hackers to connect with any username they choose.
[18:03:23] [Server thread/WARN]: To change this, set "online-mode" to "true" in the server.properties file.
[18:03:23] [Server thread/INFO]: Preparing level "world"
[18:03:31] [Server thread/INFO]: Preparing start region for dimension minecraft:overworld
[18:03:39] [Worker-Main-1/INFO]: Preparing spawn area: 0%
[18:03:39] [Worker-Main-1/INFO]: Preparing spawn area: 0%
[18:03:39] [Worker-Main-1/INFO]: Preparing spawn area: 0%
[18:03:39] [Worker-Main-1/INFO]: Preparing spawn area: 0%
[18:03:39] [Worker-Main-1/INFO]: Preparing spawn area: 0%
[18:03:39] [Worker-Main-1/INFO]: Preparing spawn area: 0%
[18:03:39] [Worker-Main-1/INFO]: Preparing spawn area: 0%
[18:03:39] [Worker-Main-1/INFO]: Preparing spawn area: 0%
[18:03:39] [Worker-Main-1/INFO]: Preparing spawn area: 0%
[18:03:39] [Worker-Main-1/INFO]: Preparing spawn area: 0%
[18:03:39] [Worker-Main-1/INFO]: Preparing spawn area: 0%
[18:03:39] [Worker-Main-1/INFO]: Preparing spawn area: 0%
[18:03:39] [Worker-Main-1/INFO]: Preparing spawn area: 0%
[18:03:39] [Worker-Main-1/INFO]: Preparing spawn area: 0%
[18:03:39] [Worker-Main-1/INFO]: Preparing spawn area: 0%
[18:03:39] [Worker-Main-1/INFO]: Preparing spawn area: 0%
[18:03:39] [Worker-Main-1/INFO]: Preparing spawn area: 0%
[18:03:39] [Worker-Main-1/INFO]: Preparing spawn area: 0%
[18:03:40] [Worker-Main-1/INFO]: Preparing spawn area: 0%
[18:03:41] [Worker-Main-1/INFO]: Preparing spawn area: 0%
[18:03:41] [Server thread/INFO]: Time elapsed: 10103 ms
[18:03:41] [Server thread/INFO]: Done (17.751s)! For help, type "help"
[18:03:41] [Server thread/INFO]: Start loading plugin from Beautify
[18:03:41] [Server thread/INFO]: Start loading plugin from Jade
[18:03:41] [Server thread/INFO]: Start loading plugin from Jade
[18:03:41] [Server thread/INFO]: Start loading plugin from Jade
[18:05:31] [Server thread/INFO]: alebozek[/[0:0:0:0:0:0:0:1%0]:48788] logged in with entity id 17 at (95.40558802582837, 92.0, -499.69999998807907)
[18:05:31] [Server thread/INFO]: Syncing config to alebozek (2aa13de9-e036-38d1-a719-a19f1d6558ff)
[18:05:31] [Server thread/INFO]: alebozek joined the game
[18:05:35] [Server thread/WARN]: Can't keep up! Is the server overloaded? Running 4419ms or 88 ticks behind
[18:05:39] [Server thread/INFO]: [STDOUT]: Finalizing fluid block registration
[18:05:39] [Server thread/INFO]: [STDOUT]: Finalizing energy block registration
[18:06:17] [Server thread/INFO]: alebozek lost connection: Disconnected
[18:06:17] [Server thread/INFO]: alebozek left the game
[18:06:30] [Server thread/INFO]: LaDaniWapa[/[0:0:0:0:0:0:0:1%0]:58460] logged in with entity id 289 at (-609.3187658823763, 65.0, -377.1980589171224)
[18:06:30] [Server thread/INFO]: Syncing config to LaDaniWapa (fa6edcf1-452e-37fb-8e93-05d296a1a7e3)
[18:06:30] [Server thread/INFO]: LaDaniWapa joined the game
[18:06:32] [Server thread/INFO]: alebozek[/[0:0:0:0:0:0:0:1%0]:58462] logged in with entity id 359 at (88.59086356444963, 91.9375, -504.39797564296896)
[18:06:32] [Server thread/INFO]: Syncing config to alebozek (2aa13de9-e036-38d1-a719-a19f1d6558ff)
[18:06:32] [Server thread/INFO]: alebozek joined the game
[18:06:35] [Server thread/WARN]: Can't keep up! Is the server overloaded? Running 2027ms or 40 ticks behind
[18:06:44] [Server thread/INFO]: [LaDaniWapa: Set own game mode to Survival Mode]
[18:06:52] [Server thread/INFO]: Juxnlx[/[0:0:0:0:0:0:0:1%0]:40350] logged in with entity id 763 at (-606.3649993772151, 65.0, -360.69217553726673)
[18:06:52] [Server thread/INFO]: Syncing config to Juxnlx (19f59efe-b029-3a48-bb4f-879ea92f269a)
[18:06:52] [Server thread/INFO]: Juxnlx joined the game
[18:07:12] [Server thread/INFO]: [alebozek: Teleported alebozek to Juxnlx]
[18:07:35] [Server thread/INFO]: [Not Secure] <alebozek> zzzzzzzzzzzzzzzzzzzzzzzz
[18:07:42] [Server thread/INFO]: [Not Secure] [LaDaniWapa] marrananana
[18:09:55] [Server thread/INFO]: alebozek has made the advancement [Gucci backpack]
[18:19:22] [Server thread/INFO]: alebozek has made the advancement [The Parrots and the Bats]
[18:19:29] [Server thread/INFO]: [Not Secure] <alebozek> orgias
[18:21:44] [Server thread/INFO]: alebozek has made the advancement [Acquire Hardware]
[18:22:17] [Server thread/INFO]: alebozek has made the advancement [Isn't It Iron Pick]
[18:24:52] [Server thread/INFO]: alebozek has made the advancement [Suit Up]
[18:29:00] [Server thread/INFO]: [alebozek: Gave 1 [Diamond Pickaxe] to LaDaniWapa]
[18:29:11] [Server thread/INFO]: [alebozek: Gave 1 [Diamond Pickaxe] to alebozek]
[18:29:30] [Server thread/INFO]: alebozek has made the advancement [Ice Bucket Challenge]
[18:29:55] [Server thread/INFO]: [LaDaniWapa: Applied enchantment Efficiency V to LaDaniWapa's item]
[18:30:01] [Server thread/INFO]: [LaDaniWapa: Applied enchantment Efficiency V to alebozek's item]
[18:30:09] [Server thread/INFO]: alebozek has made the advancement [Who is Cutting Onions?]
[18:30:22] [Server thread/INFO]: LaDaniWapa has made the advancement [Who is Cutting Onions?]
[18:31:11] [Server thread/INFO]: [LaDaniWapa: Applied effect Haste to LaDaniWapa]
[18:32:03] [Server thread/INFO]: [LaDaniWapa: Applied effect Haste to LaDaniWapa]
[18:32:07] [Server thread/WARN]: Mismatch in destroy block pos: class_2338{x=-473, y=47, z=-10} class_2338{x=-473, y=52, z=-9}
[18:32:08] [Server thread/WARN]: Mismatch in destroy block pos: class_2338{x=-473, y=51, z=-9} class_2338{x=-473, y=51, z=-8}
[18:32:08] [Server thread/WARN]: Mismatch in destroy block pos: class_2338{x=-473, y=51, z=-9} class_2338{x=-473, y=52, z=-8}
[18:32:09] [Server thread/WARN]: Mismatch in destroy block pos: class_2338{x=-473, y=51, z=-9} class_2338{x=-473, y=52, z=-7}
[18:32:09] [Server thread/WARN]: Mismatch in destroy block pos: class_2338{x=-473, y=51, z=-9} class_2338{x=-472, y=53, z=-7}
[18:32:09] [Server thread/WARN]: Mismatch in destroy block pos: class_2338{x=-473, y=51, z=-9} class_2338{x=-473, y=53, z=-7}
[18:32:09] [Server thread/WARN]: Mismatch in destroy block pos: class_2338{x=-473, y=51, z=-9} class_2338{x=-473, y=52, z=-6}
[18:32:09] [Server thread/WARN]: Mismatch in destroy block pos: class_2338{x=-473, y=52, z=-6} class_2338{x=-473, y=53, z=-6}
[18:32:09] [Server thread/WARN]: Mismatch in destroy block pos: class_2338{x=-473, y=52, z=-6} class_2338{x=-472, y=53, z=-6}
[18:32:10] [Server thread/WARN]: Mismatch in destroy block pos: class_2338{x=-473, y=52, z=-6} class_2338{x=-473, y=51, z=-5}
[18:32:11] [Server thread/WARN]: Mismatch in destroy block pos: class_2338{x=-473, y=52, z=-6} class_2338{x=-472, y=52, z=-9}
[18:32:11] [Server thread/WARN]: Mismatch in destroy block pos: class_2338{x=-473, y=52, z=-6} class_2338{x=-471, y=52, z=-9}
[18:32:11] [Server thread/WARN]: Mismatch in destroy block pos: class_2338{x=-473, y=52, z=-6} class_2338{x=-473, y=51, z=-9}
[18:32:11] [Server thread/WARN]: Mismatch in destroy block pos: class_2338{x=-473, y=52, z=-6} class_2338{x=-472, y=51, z=-9}
[18:32:11] [Server thread/WARN]: Mismatch in destroy block pos: class_2338{x=-473, y=52, z=-6} class_2338{x=-473, y=50, z=-9}
[18:32:12] [Server thread/WARN]: Mismatch in destroy block pos: class_2338{x=-473, y=52, z=-6} class_2338{x=-471, y=49, z=-9}
[18:32:12] [Server thread/WARN]: Mismatch in destroy block pos: class_2338{x=-473, y=52, z=-6} class_2338{x=-470, y=50, z=-9}
[18:32:25] [Server thread/INFO]: [LaDaniWapa: Teleported LaDaniWapa to alebozek]
[18:32:29] [Server thread/INFO]: [LaDaniWapa: Removed every effect from LaDaniWapa]
[18:33:19] [Server thread/INFO]: [alebozek: Teleported alebozek to LaDaniWapa]
[18:36:01] [Server thread/INFO]: alebozek has made the advancement [Diamonds!]
[18:37:06] [Server thread/INFO]: [LaDaniWapa: Gamerule keepInventory is now set to: true]
[18:38:23] [Server thread/INFO]: [alebozek: Teleported alebozek to alebozek]
[18:38:30] [Server thread/INFO]: [alebozek: Teleported alebozek to LaDaniWapa]
[18:39:21] [Server thread/INFO]: [alebozek: Teleported alebozek to LaDaniWapa]
[18:40:16] [Server thread/INFO]: [LaDaniWapa: Set the weather to clear]
[18:40:52] [Server thread/INFO]: [alebozek: Set the time to 1000]
[18:41:07] [Server thread/INFO]: [alebozek: Teleported alebozek to LaDaniWapa]
[18:42:52] [Server thread/INFO]: alebozek has made the advancement [Not Today, Thank You]
[18:43:17] [Server thread/INFO]: [alebozek: Teleported alebozek to LaDaniWapa]
[18:51:05] [Server thread/INFO]: [Not Secure] <alebozek> tia no hay warden
[18:51:07] [Server thread/INFO]: [Not Secure] <alebozek> sus muertos
[18:52:04] [Server thread/INFO]: [alebozek: Teleported alebozek to Juxnlx]
[18:52:23] [Server thread/INFO]: [LaDaniWapa: Teleported LaDaniWapa to alebozek]
[18:57:55] [Server thread/INFO]: alebozek has made the advancement [Take Aim]
[18:59:41] [Server thread/INFO]: [LaDaniWapa: Gave 64 [Dirt] to LaDaniWapa]
[19:00:38] [Server thread/INFO]: [LaDaniWapa: Gave 8 [Dirt] to LaDaniWapa]
[19:01:39] [Server thread/INFO]: [LaDaniWapa: Gave 1 [Dirt] to LaDaniWapa]
[19:04:30] [Server thread/INFO]: [LaDaniWapa: Gave 64 [Dirt] to LaDaniWapa]
